[2025-06-23T06:46:44.673Z] INFO: Películas escuchando en http://localhost:3001
[2025-06-23T06:46:44.692Z] ERROR: Error conectando a MySQL: 
[2025-06-23T06:47:39.610Z] INFO: Películas escuchando en http://localhost:3001
[2025-06-23T06:47:39.906Z] INFO: Películas: Conectado a MySQL
[2025-06-23T06:56:27.226Z] INFO: ::1 - - [23/Jun/2025:06:56:27 +0000] "GET / HTTP/1.1" 404 139 "http://127.0.0.1:5500/" "Mozilla/5.0 (Windows NT 10.0; Win64; x64) AppleWebKit/537.36 (KHTML, like Gecko) Chrome/134.0.0.0 Safari/537.36 OPR/119.0.0.0"
[2025-06-23T06:58:44.231Z] INFO: ::1 - - [23/Jun/2025:06:58:44 +0000] "GET / HTTP/1.1" 404 139 "http://127.0.0.1:5500/" "Mozilla/5.0 (Windows NT 10.0; Win64; x64) AppleWebKit/537.36 (KHTML, like Gecko) Chrome/134.0.0.0 Safari/537.36 OPR/119.0.0.0"
[2025-06-23T07:01:05.546Z] INFO: Películas consultadas correctamente
[2025-06-23T07:01:05.552Z] INFO: ::1 - - [23/Jun/2025:07:01:05 +0000] "GET /peliculas HTTP/1.1" 200 460 "-" "PostmanRuntime/7.44.1"
[2025-06-23T07:01:14.571Z] INFO: ::1 - - [23/Jun/2025:07:01:14 +0000] "GET /ventas HTTP/1.1" 404 145 "-" "PostmanRuntime/7.44.1"
[2025-06-23T07:01:25.244Z] INFO: ::1 - - [23/Jun/2025:07:01:25 +0000] "POST /ventas HTTP/1.1" 404 146 "-" "PostmanRuntime/7.44.1"
[2025-06-23T07:01:32.969Z] INFO: ::1 - - [23/Jun/2025:07:01:32 +0000] "POST /comprar HTTP/1.1" 404 147 "-" "PostmanRuntime/7.44.1"
[2025-06-23T07:01:36.211Z] INFO: ::1 - - [23/Jun/2025:07:01:36 +0000] "GET /comprar HTTP/1.1" 404 146 "-" "PostmanRuntime/7.44.1"
[2025-06-23T07:01:47.756Z] INFO: ::1 - - [23/Jun/2025:07:01:47 +0000] "POST /comprar HTTP/1.1" 404 147 "-" "PostmanRuntime/7.44.1"
[2025-06-23T07:02:39.240Z] INFO: ::1 - - [23/Jun/2025:07:02:39 +0000] "GET / HTTP/1.1" 404 139 "http://127.0.0.1:5500/" "Mozilla/5.0 (Windows NT 10.0; Win64; x64) AppleWebKit/537.36 (KHTML, like Gecko) Chrome/134.0.0.0 Safari/537.36 OPR/119.0.0.0"
[2025-06-23T07:07:14.752Z] INFO: ::1 - - [23/Jun/2025:07:07:14 +0000] "POST /comprar HTTP/1.1" 404 147 "-" "PostmanRuntime/7.44.1"
[2025-06-23T07:07:24.019Z] INFO: Películas consultadas correctamente
[2025-06-23T07:07:24.020Z] INFO: ::1 - - [23/Jun/2025:07:07:24 +0000] "GET /peliculas HTTP/1.1" 200 460 "-" "PostmanRuntime/7.44.1"
[2025-06-23T07:07:34.956Z] INFO: ::1 - - [23/Jun/2025:07:07:34 +0000] "POST /comprar HTTP/1.1" 404 147 "-" "PostmanRuntime/7.44.1"
[2025-06-23T07:13:11.536Z] INFO: ::1 - - [23/Jun/2025:07:13:11 +0000] "GET / HTTP/1.1" 404 139 "http://127.0.0.1:5500/" "Mozilla/5.0 (Windows NT 10.0; Win64; x64) AppleWebKit/537.36 (KHTML, like Gecko) Chrome/134.0.0.0 Safari/537.36 OPR/119.0.0.0"
[2025-06-23T07:13:26.369Z] INFO: ::1 - - [23/Jun/2025:07:13:26 +0000] "GET / HTTP/1.1" 404 139 "http://127.0.0.1:5500/" "Mozilla/5.0 (Windows NT 10.0; Win64; x64) AppleWebKit/537.36 (KHTML, like Gecko) Chrome/134.0.0.0 Safari/537.36 OPR/119.0.0.0"
[2025-06-23T07:13:57.701Z] INFO: ::1 - - [23/Jun/2025:07:13:57 +0000] "GET / HTTP/1.1" 404 139 "-" "PostmanRuntime/7.44.1"
[2025-06-23T07:16:33.223Z] INFO: ::1 - - [23/Jun/2025:07:16:33 +0000] "GET / HTTP/1.1" 404 139 "-" "PostmanRuntime/7.44.1"
[2025-06-23T07:16:34.783Z] INFO: ::1 - - [23/Jun/2025:07:16:34 +0000] "GET / HTTP/1.1" 404 139 "-" "PostmanRuntime/7.44.1"
[2025-06-23T07:18:12.134Z] INFO: ::1 - - [23/Jun/2025:07:18:12 +0000] "GET / HTTP/1.1" 404 139 "-" "PostmanRuntime/7.44.1"
[2025-06-23T07:18:25.235Z] INFO: ::1 - - [23/Jun/2025:07:18:25 +0000] "GET / HTTP/1.1" 404 139 "-" "PostmanRuntime/7.44.1"
[2025-06-23T07:20:05.828Z] INFO: ::1 - - [23/Jun/2025:07:20:05 +0000] "GET / HTTP/1.1" 404 139 "-" "PostmanRuntime/7.44.1"
[2025-06-23T07:20:14.847Z] INFO: ::1 - - [23/Jun/2025:07:20:14 +0000] "GET / HTTP/1.1" 404 139 "-" "PostmanRuntime/7.44.1"
[2025-06-23T07:22:33.242Z] INFO: ::1 - - [23/Jun/2025:07:22:33 +0000] "GET / HTTP/1.1" 404 139 "-" "PostmanRuntime/7.44.1"
[2025-06-23T07:23:27.801Z] INFO: Películas consultadas correctamente
[2025-06-23T07:23:27.803Z] INFO: ::1 - - [23/Jun/2025:07:23:27 +0000] "GET /peliculas HTTP/1.1" 200 460 "-" "PostmanRuntime/7.44.1"
[2025-06-23T07:24:37.123Z] INFO: Películas consultadas correctamente
[2025-06-23T07:24:37.125Z] INFO: ::1 - - [23/Jun/2025:07:24:37 +0000] "GET /peliculas HTTP/1.1" 200 460 "-" "PostmanRuntime/7.44.1"
[2025-06-23T07:24:39.781Z] INFO: ::1 - - [23/Jun/2025:07:24:39 +0000] "GET / HTTP/1.1" 404 139 "-" "PostmanRuntime/7.44.1"
[2025-06-23T07:25:10.435Z] INFO: ::1 - - [23/Jun/2025:07:25:10 +0000] "GET / HTTP/1.1" 404 139 "-" "PostmanRuntime/7.44.1"
[2025-06-23T07:28:06.865Z] INFO: ::1 - - [23/Jun/2025:07:28:06 +0000] "GET / HTTP/1.1" 404 139 "-" "PostmanRuntime/7.44.1"
[2025-06-23T07:28:08.377Z] INFO: ::1 - - [23/Jun/2025:07:28:08 +0000] "GET / HTTP/1.1" 404 139 "-" "PostmanRuntime/7.44.1"
[2025-06-23T07:29:32.008Z] INFO: Películas consultadas correctamente
[2025-06-23T07:29:32.010Z] INFO: ::1 - - [23/Jun/2025:07:29:32 +0000] "GET /peliculas HTTP/1.1" 200 460 "-" "axios/1.10.0"
[2025-06-23T07:33:18.340Z] INFO: Películas consultadas correctamente
[2025-06-23T07:33:18.341Z] INFO: ::1 - - [23/Jun/2025:07:33:18 +0000] "GET /peliculas HTTP/1.1" 200 460 "-" "axios/1.10.0"
[2025-06-23T07:36:37.268Z] INFO: Películas escuchando en http://localhost:3001
[2025-06-23T07:36:37.308Z] INFO: Películas: Conectado a MySQL
[2025-06-23T07:37:00.070Z] INFO: Películas consultadas correctamente
[2025-06-23T07:37:00.079Z] INFO: ::1 - - [23/Jun/2025:07:37:00 +0000] "GET /peliculas HTTP/1.1" 200 460 "-" "axios/1.10.0"
[2025-06-23T07:38:18.614Z] INFO: Películas consultadas correctamente
[2025-06-23T07:38:18.616Z] INFO: ::1 - - [23/Jun/2025:07:38:18 +0000] "GET /peliculas HTTP/1.1" 200 460 "-" "axios/1.10.0"
[2025-06-23T07:39:31.930Z] INFO: Películas consultadas correctamente
[2025-06-23T07:39:31.932Z] INFO: ::1 - - [23/Jun/2025:07:39:31 +0000] "GET /peliculas HTTP/1.1" 200 460 "-" "axios/1.10.0"
[2025-06-23T07:40:06.062Z] INFO: Películas consultadas correctamente
[2025-06-23T07:40:06.064Z] INFO: ::1 - - [23/Jun/2025:07:40:06 +0000] "GET /peliculas HTTP/1.1" 200 460 "-" "axios/1.10.0"
[2025-06-23T07:40:06.905Z] INFO: Películas consultadas correctamente
[2025-06-23T07:40:06.908Z] INFO: ::1 - - [23/Jun/2025:07:40:06 +0000] "GET /peliculas HTTP/1.1" 200 460 "-" "axios/1.10.0"
[2025-06-23T07:40:27.736Z] INFO: Películas consultadas correctamente
[2025-06-23T07:40:27.741Z] INFO: ::1 - - [23/Jun/2025:07:40:27 +0000] "GET /peliculas HTTP/1.1" 200 460 "-" "axios/1.10.0"
[2025-06-23T07:40:47.665Z] INFO: Películas consultadas correctamente
[2025-06-23T07:40:47.668Z] INFO: ::1 - - [23/Jun/2025:07:40:47 +0000] "GET /peliculas HTTP/1.1" 200 460 "-" "axios/1.10.0"
[2025-06-23T07:40:56.328Z] INFO: Películas consultadas correctamente
[2025-06-23T07:40:56.329Z] INFO: ::1 - - [23/Jun/2025:07:40:56 +0000] "GET /peliculas HTTP/1.1" 200 460 "-" "axios/1.10.0"
[2025-06-23T07:41:05.545Z] INFO: Películas consultadas correctamente
[2025-06-23T07:41:05.549Z] INFO: ::1 - - [23/Jun/2025:07:41:05 +0000] "GET /peliculas HTTP/1.1" 200 460 "-" "axios/1.10.0"
[2025-06-23T07:41:11.515Z] INFO: Películas consultadas correctamente
[2025-06-23T07:41:11.517Z] INFO: ::1 - - [23/Jun/2025:07:41:11 +0000] "GET /peliculas HTTP/1.1" 200 460 "-" "axios/1.10.0"
[2025-06-23T07:41:19.202Z] INFO: Películas consultadas correctamente
[2025-06-23T07:41:19.204Z] INFO: ::1 - - [23/Jun/2025:07:41:19 +0000] "GET /peliculas HTTP/1.1" 200 460 "-" "axios/1.10.0"
[2025-06-23T07:42:43.645Z] INFO: Películas consultadas correctamente
[2025-06-23T07:42:43.647Z] INFO: ::1 - - [23/Jun/2025:07:42:43 +0000] "GET /peliculas HTTP/1.1" 200 460 "-" "axios/1.10.0"
[2025-06-24T06:51:11.233Z] INFO: Películas escuchando en http://localhost:3001
[2025-06-24T06:51:11.509Z] ERROR: Error conectando a MySQL: Access denied for user 'root'@'localhost' (using password: YES)
[2025-06-24T06:51:16.793Z] INFO: Películas escuchando en http://localhost:3001
[2025-06-24T06:51:16.837Z] ERROR: Error conectando a MySQL: Access denied for user 'root'@'localhost' (using password: YES)
[2025-06-24T06:51:42.141Z] INFO: Películas escuchando en http://localhost:3001
[2025-06-24T06:51:42.183Z] ERROR: Error conectando a MySQL: Access denied for user 'root'@'localhost' (using password: YES)
[2025-06-24T06:54:20.602Z] INFO: Películas escuchando en http://localhost:3001
[2025-06-24T06:54:20.649Z] ERROR: Error conectando a MySQL: Unknown database 'cineboletos'
[2025-06-24T06:54:53.165Z] INFO: Películas escuchando en http://localhost:3001
[2025-06-24T06:54:53.201Z] INFO: Películas: Conectado a MySQL
[2025-06-24T07:08:31.642Z] INFO: Executing (default): SELECT 1+1 AS result
[2025-06-24T07:08:31.646Z] INFO: Películas: Conectado a MySQL con Sequelize.
[2025-06-24T07:08:31.649Z] INFO: Executing (default): SELECT TABLE_NAME FROM INFORMATION_SCHEMA.TABLES WHERE TABLE_TYPE = 'BASE TABLE' AND TABLE_NAME = 'peliculas' AND TABLE_SCHEMA = 'cineboletos'
[2025-06-24T07:08:31.654Z] INFO: Executing (default): CREATE TABLE IF NOT EXISTS `peliculas` (`id` INTEGER auto_increment , `nombre` VARCHAR(255) NOT NULL, `stock` INTEGER NOT NULL DEFAULT 0, PRIMARY KEY (`id`)) ENGINE=InnoDB;
[2025-06-24T07:08:31.712Z] INFO: Executing (default): SHOW INDEX FROM `peliculas`
[2025-06-24T07:08:31.722Z] INFO: Películas: Tabla "peliculas" sincronizada (creada/actualizada) correctamente.
[2025-06-24T07:08:31.726Z] INFO: Executing (default): SELECT count(*) AS `count` FROM `peliculas` AS `Pelicula`;
[2025-06-24T07:08:31.738Z] INFO: Insertando datos iniciales en la tabla peliculas...
[2025-06-24T07:08:31.742Z] INFO: Executing (default): INSERT INTO `peliculas` (`id`,`nombre`,`stock`) VALUES (NULL,'Spiderman: De Regreso a Casa',50),(NULL,'Doctor Strange en el Multiverso de la Locura',40),(NULL,'Guardianes de la la Galaxia Vol. 3',60),(NULL,'Avatar: El Sentido del Agua',35);
[2025-06-24T07:08:31.757Z] INFO: Datos iniciales de películas asegurados.
[2025-06-24T07:08:31.765Z] INFO: Películas escuchando en http://localhost:3001
[2025-06-24T07:16:26.760Z] INFO: Executing (default): SELECT `id`, `nombre`, `stock` FROM `peliculas` AS `Pelicula`;
[2025-06-24T07:16:26.763Z] INFO: Películas consultadas correctamente
[2025-06-24T07:16:26.768Z] INFO: ::1 - - [24/Jun/2025:07:16:26 +0000] "GET /peliculas HTTP/1.1" 200 262 "-" "axios/1.10.0"
[2025-06-24T07:17:37.707Z] INFO: Executing (default): SELECT `id`, `nombre`, `stock` FROM `peliculas` AS `Pelicula`;
[2025-06-24T07:17:37.708Z] INFO: Películas consultadas correctamente
[2025-06-24T07:17:37.710Z] INFO: ::1 - - [24/Jun/2025:07:17:37 +0000] "GET /peliculas HTTP/1.1" 200 262 "-" "axios/1.10.0"
[2025-06-24T07:30:47.416Z] INFO: Executing (default): SELECT `id`, `nombre`, `stock` FROM `peliculas` AS `Pelicula`;
[2025-06-24T07:30:47.419Z] INFO: Películas consultadas correctamente
[2025-06-24T07:30:47.422Z] INFO: ::1 - - [24/Jun/2025:07:30:47 +0000] "GET /peliculas HTTP/1.1" 200 262 "-" "axios/1.10.0"
[2025-06-24T07:30:48.000Z] INFO: Executing (default): SELECT `id`, `nombre`, `stock` FROM `peliculas` AS `Pelicula`;
[2025-06-24T07:30:48.004Z] INFO: Películas consultadas correctamente
[2025-06-24T07:30:48.007Z] INFO: ::1 - - [24/Jun/2025:07:30:48 +0000] "GET /peliculas HTTP/1.1" 200 262 "-" "axios/1.10.0"
[2025-06-24T07:30:48.167Z] INFO: Executing (default): SELECT `id`, `nombre`, `stock` FROM `peliculas` AS `Pelicula`;
[2025-06-24T07:30:48.169Z] INFO: Películas consultadas correctamente
[2025-06-24T07:30:48.171Z] INFO: ::1 - - [24/Jun/2025:07:30:48 +0000] "GET /peliculas HTTP/1.1" 200 262 "-" "axios/1.10.0"
[2025-06-24T07:30:51.259Z] INFO: Executing (default): SELECT `id`, `nombre`, `stock` FROM `peliculas` AS `Pelicula`;
[2025-06-24T07:30:51.261Z] INFO: Películas consultadas correctamente
[2025-06-24T07:30:51.263Z] INFO: ::1 - - [24/Jun/2025:07:30:51 +0000] "GET /peliculas HTTP/1.1" 200 262 "-" "axios/1.10.0"
[2025-06-24T07:31:19.559Z] INFO: Executing (default): SELECT `id`, `nombre`, `stock` FROM `peliculas` AS `Pelicula`;
[2025-06-24T07:31:19.563Z] INFO: Películas consultadas correctamente
[2025-06-24T07:31:19.564Z] INFO: ::1 - - [24/Jun/2025:07:31:19 +0000] "GET /peliculas HTTP/1.1" 200 262 "-" "axios/1.10.0"
[2025-06-24T07:32:09.086Z] INFO: Executing (default): SELECT `id`, `nombre`, `stock` FROM `peliculas` AS `Pelicula`;
[2025-06-24T07:32:09.088Z] INFO: Películas consultadas correctamente
[2025-06-24T07:32:09.089Z] INFO: ::1 - - [24/Jun/2025:07:32:09 +0000] "GET /peliculas HTTP/1.1" 200 262 "-" "axios/1.10.0"
[2025-06-24T07:34:05.065Z] INFO: Executing (default): SELECT `id`, `nombre`, `stock` FROM `peliculas` AS `Pelicula`;
[2025-06-24T07:34:05.069Z] INFO: Películas consultadas correctamente
[2025-06-24T07:34:05.071Z] INFO: ::1 - - [24/Jun/2025:07:34:05 +0000] "GET /peliculas HTTP/1.1" 200 262 "-" "axios/1.10.0"
[2025-06-24T07:36:41.625Z] INFO: Executing (default): SELECT `id`, `nombre`, `stock` FROM `peliculas` AS `Pelicula`;
[2025-06-24T07:36:41.628Z] INFO: Películas consultadas correctamente
[2025-06-24T07:36:41.630Z] INFO: ::1 - - [24/Jun/2025:07:36:41 +0000] "GET /peliculas HTTP/1.1" 200 262 "-" "axios/1.10.0"
[2025-06-24T07:37:03.730Z] INFO: Executing (default): SELECT `id`, `nombre`, `stock` FROM `peliculas` AS `Pelicula`;
[2025-06-24T07:37:03.732Z] INFO: Películas consultadas correctamente
[2025-06-24T07:37:03.734Z] INFO: ::1 - - [24/Jun/2025:07:37:03 +0000] "GET /peliculas HTTP/1.1" 200 262 "-" "axios/1.10.0"
[2025-06-24T07:37:14.546Z] INFO: Executing (default): SELECT `id`, `nombre`, `stock` FROM `peliculas` AS `Pelicula`;
[2025-06-24T07:37:14.549Z] INFO: Películas consultadas correctamente
[2025-06-24T07:37:14.552Z] INFO: ::1 - - [24/Jun/2025:07:37:14 +0000] "GET /peliculas HTTP/1.1" 200 262 "-" "axios/1.10.0"
[2025-06-24T07:37:26.721Z] INFO: Executing (default): SELECT `id`, `nombre`, `stock` FROM `peliculas` AS `Pelicula`;
[2025-06-24T07:37:26.723Z] INFO: Películas consultadas correctamente
[2025-06-24T07:37:26.725Z] INFO: ::1 - - [24/Jun/2025:07:37:26 +0000] "GET /peliculas HTTP/1.1" 200 262 "-" "axios/1.10.0"
[2025-06-24T07:38:00.476Z] INFO: Executing (default): SELECT `id`, `nombre`, `stock` FROM `peliculas` AS `Pelicula`;
[2025-06-24T07:38:00.477Z] INFO: Películas consultadas correctamente
[2025-06-24T07:38:00.479Z] INFO: ::1 - - [24/Jun/2025:07:38:00 +0000] "GET /peliculas HTTP/1.1" 200 262 "-" "axios/1.10.0"
[2025-06-24T07:38:17.556Z] INFO: Executing (default): SELECT `id`, `nombre`, `stock` FROM `peliculas` AS `Pelicula`;
[2025-06-24T07:38:17.557Z] INFO: Películas consultadas correctamente
[2025-06-24T07:38:17.559Z] INFO: ::1 - - [24/Jun/2025:07:38:17 +0000] "GET /peliculas HTTP/1.1" 200 262 "-" "axios/1.10.0"
